
OpenSBI v1.7
   ____                    _____ ____ _____
  / __ \                  / ____|  _ \_   _|
 | |  | |_ __   ___ _ __ | (___ | |_) || |
 | |  | | '_ \ / _ \ '_ \ \___ \|  _ < | |
 | |__| | |_) |  __/ | | |____) | |_) || |_
  \____/| .__/ \___|_| |_|_____/|____/_____|
        | |
        |_|

Platform Name               : riscv-virtio,qemu
Platform Features           : medeleg
Platform HART Count         : 1
Platform IPI Device         : aclint-mswi
Platform Timer Device       : aclint-mtimer @ 10000000Hz
Platform Console Device     : uart8250
Platform HSM Device         : ---
Platform PMU Device         : ---
Platform Reboot Device      : syscon-reboot
Platform Shutdown Device    : syscon-poweroff
Platform Suspend Device     : ---
Platform CPPC Device        : ---
Firmware Base               : 0x80000000
Firmware Size               : 317 KB
Firmware RW Offset          : 0x40000
Firmware RW Size            : 61 KB
Firmware Heap Offset        : 0x46000
Firmware Heap Size          : 37 KB (total), 2 KB (reserved), 12 KB (used), 22 KB (free)
Firmware Scratch Size       : 4096 B (total), 1400 B (used), 2696 B (free)
Runtime SBI Version         : 3.0
Standard SBI Extensions     : time,rfnc,ipi,base,hsm,srst,pmu,dbcn,fwft,legacy,dbtr,sse
Experimental SBI Extensions : none

Domain0 Name                : root
Domain0 Boot HART           : 0
Domain0 HARTs               : 0*
Domain0 Region00            : 0x0000000000100000-0x0000000000100fff M: (I,R,W) S/U: (R,W)
Domain0 Region01            : 0x0000000010000000-0x0000000010000fff M: (I,R,W) S/U: (R,W)
Domain0 Region02            : 0x0000000002000000-0x000000000200ffff M: (I,R,W) S/U: ()
Domain0 Region03            : 0x0000000080040000-0x000000008004ffff M: (R,W) S/U: ()
Domain0 Region04            : 0x0000000080000000-0x000000008003ffff M: (R,X) S/U: ()
Domain0 Region05            : 0x000000000c400000-0x000000000c5fffff M: (I,R,W) S/U: (R,W)
Domain0 Region06            : 0x000000000c000000-0x000000000c3fffff M: (I,R,W) S/U: (R,W)
Domain0 Region07            : 0x0000000000000000-0xffffffffffffffff M: () S/U: (R,W,X)
Domain0 Next Address        : 0x0000000080200000
Domain0 Next Arg1           : 0x0000000090800000
Domain0 Next Mode           : S-mode
Domain0 SysReset            : yes
Domain0 SysSuspend          : yes

Boot HART ID                : 0
Boot HART Domain            : root
Boot HART Priv Version      : v1.12
Boot HART Base ISA          : rv64imafdcbvhg
Boot HART ISA Extensions    : smaia,smepmp,smstateen,sscofpmf,sstc,zicntr,zihpm,zkr,smcntrpmf,zicboz,zicbom,svpbmt,sdtrig,smcsrind,smcdeleg,sscsrind,ssccfg,svadu,smnpm,zicfilp,zicfiss,ssdbltrp,smctr,ssctr,ssstateen
Boot HART PMP Count         : 16
Boot HART PMP Granularity   : 2 bits
Boot HART PMP Address Bits  : 54
Boot HART MHPM Info         : 16 (0x0007fff8)
Boot HART Debug Triggers    : 2 triggers
Boot HART MIDELEG           : 0x0000000000003666
Boot HART MEDELEG           : 0x0000000000f4b509
[INFO boot] boot: ok
[INFO boot] traps: ok
[INFO boot] boot: returning to wrapper
W0: calling kmain
[INFO mm] AS-MAP: HEAP OK in DATA range: heap=0x80425000..0x80625000 data_end=0x80674000
[INFO mm] AS-MAP: KSTACK check: start=0x80673000 end=0x8067c000 data_end=0x80674000 guard=0 map_from=0x80674000
[INFO mm] AS-MAP: mapping KSTACK tail 0x80674000..0x8067c000
[INFO mm] AS-MAP: KSTACK tail mapped ok
[INFO mm] map kernel segments ok
AS: activating satp=0x8000100000080626
AS: pc check va=0x000000008020a000
AS: sp check va=0x000000008067a000
AS: ensure_rx_guard pc=0x000000008020a6c0
[INFO as] AS: trampoline enter val=0x8000100000080626
AS: post-satp OK
CAP: new enter
CAP: with_capacity slots=96
CAP: new exit
SCHED: timeslice=1000000
SCHED: new exit
[DEBUG sched] enqueue: pid=0 qos=Normal
SYSCALL install debug_putc=0x0000000080227c68
SYSCALL install ep_create=0x000000008022695a
[INFO smp] KINIT: cpu0 online
[INFO boot]  _ __   ___ _   _ _ __ ___  _ __
[INFO boot] | '_ \ / _ \ | | | '__/ _ \| '_ \
[INFO boot] | | | |  __/ |_| | | | (_) | | | |
[INFO boot] |_| |_|\___|\__,_|_|  \___/|_| |_|
[INFO boot] neuron vers. 0.1.0 - One OS. Many Devices.
SYSCALL install debug_putc=0x0000000080227c68
SYSCALL install ep_create=0x000000008022695a
[INFO mm] AS-MAP: HEAP OK in DATA range: heap=0x80425000..0x80625000 data_end=0x80674000
[INFO mm] AS-MAP: KSTACK check: start=0x80673000 end=0x8067c000 data_end=0x80674000 guard=0 map_from=0x80674000
[INFO mm] AS-MAP: mapping KSTACK tail 0x80674000..0x8067c000
[INFO mm] AS-MAP: KSTACK tail mapped ok
[INFO mm] map kernel segments ok
[INFO selftest] KSELFTEST: as create ok
[INFO selftest] KSELFTEST: vmo zero ok
[INFO selftest] KSELFTEST: userptr guard ok
[INFO selftest] KSELFTEST: as map ok
[INFO sys] SPAWN: entry=0x80221f54 sp=0x40000000 as=2 slot=0 gp=0x80419b50
CAP: new enter
CAP: with_capacity slots=96
CAP: new exit
[INFO task] SPAWN-FRAME: sepc=0x80221f54 sp(x2)=0x40000000 gp(x3)=0x80419b50
[DEBUG sched] enqueue: pid=1 qos=Normal
[INFO selftest] KSELFTEST: no child progress yet pid=1 satp=0x8000100000080626
[INFO selftest] KSELFTEST: direct-run begin
AS: activating satp=0x800020000008062d
AS: pc check va=0x000000008020a000
AS: sp check va=0x0000000080423000
AS: ensure_rx_guard pc=0x000000008020a6c0
[INFO as] AS: trampoline enter val=0x800020000008062d
AS: post-satp OK
[INFO selftest] KSELFTEST: direct-run set SUM
[INFO selftest] KSELFTEST: direct-run calling entry sp=0x40000000
[INFO selftest] KSELFTEST: direct call begin
[INFO selftest] KSELFTEST: child entry
[INFO selftest] KSELFTEST: child newas running
[INFO selftest] KSELFTEST: child exit
[INFO selftest] KSELFTEST: direct call return
[INFO selftest] KSELFTEST: returned from child entry
AS: activating satp=0x8000100000080626
AS: pc check va=0x000000008020a000
AS: sp check va=0x0000000080423000
AS: ensure_rx_guard pc=0x000000008020a6c0
[INFO as] AS: trampoline enter val=0x8000100000080626
AS: post-satp OK
[INFO selftest] KSELFTEST: spawn ok
SYSCALL install debug_putc=0x0000000080227c68
SYSCALL install ep_create=0x000000008022695a
[INFO selftest] KSELFTEST: w^x enforced
[INFO selftest] KSELFTEST: ipc queue full ok
[INFO selftest] KSELFTEST: ipc bytes full ok
[INFO selftest] KSELFTEST: ipc global bytes budget ok
[INFO selftest] KSELFTEST: ipc owner bytes budget ok
CAP: new enter
CAP: with_capacity slots=96
CAP: new exit
CAP: new enter
CAP: with_capacity slots=96
CAP: new exit
CAP: new enter
CAP: with_capacity slots=96
CAP: new exit
[INFO selftest] KSELFTEST: ipc recv waiter fifo ok
CAP: new enter
CAP: with_capacity slots=96
CAP: new exit
CAP: new enter
CAP: with_capacity slots=96
CAP: new exit
CAP: new enter
CAP: with_capacity slots=96
CAP: new exit
[INFO selftest] KSELFTEST: ipc send waiter fifo ok
CAP: new enter
CAP: with_capacity slots=96
CAP: new exit
CAP: new enter
CAP: with_capacity slots=96
CAP: new exit
[INFO selftest] KSELFTEST: ipc send unblock ok
[INFO selftest] KSELFTEST: ipc endpoint quota ok (created=384)
CAP: new enter
CAP: with_capacity slots=96
CAP: new exit
CAP: new enter
CAP: with_capacity slots=96
CAP: new exit
[INFO selftest] KSELFTEST: ipc close wakes ok
CAP: new enter
CAP: with_capacity slots=96
CAP: new exit
CAP: new enter
CAP: with_capacity slots=96
CAP: new exit
[INFO selftest] KSELFTEST: ipc owner-exit wakes ok
[INFO selftest] KSELFTEST: spawn reason invalid-payload ok
[INFO selftest] KSELFTEST: spawn reason invalid-payload ok
[INFO selftest] KSELFTEST: spawn reason oom ok
[INFO selftest] KSELFTEST: spawn reason cap-table-full ok
[INFO selftest] KSELFTEST: spawn reason endpoint-quota ok
[INFO selftest] KSELFTEST: spawn reason map-failed ok
[INFO selftest] KSELFTEST: spawn reasons ok
CAP: with_capacity slots=8
[INFO selftest] KSELFTEST: resource sentinel ok
SYSCALL install debug_putc=0x0000000080227c68
SYSCALL install ep_create=0x000000008022695a
[INFO sys] SPAWN: entry=0x802228cc sp=0x0 as=0 slot=0 gp=0x0
CAP: new enter
CAP: with_capacity slots=96
CAP: new exit
[INFO mm] AS-MAP: HEAP OK in DATA range: heap=0x80425000..0x80625000 data_end=0x80674000
[INFO mm] AS-MAP: KSTACK check: start=0x80673000 end=0x8067c000 data_end=0x80674000 guard=0 map_from=0x80674000
[INFO mm] AS-MAP: mapping KSTACK tail 0x80674000..0x8067c000
[INFO mm] AS-MAP: KSTACK tail mapped ok
[INFO mm] map kernel segments ok
[INFO task] SPAWN-FRAME: sepc=0x802228cc sp(x2)=0x40000000 gp(x3)=0x0
[DEBUG sched] enqueue: pid=14 qos=Normal
[INFO selftest] KSELFTEST: exit ok
[INFO sys] SPAWN: entry=0x802228cc sp=0x0 as=0 slot=0 gp=0x0
CAP: new enter
CAP: with_capacity slots=96
CAP: new exit
[INFO mm] AS-MAP: HEAP OK in DATA range: heap=0x80425000..0x80625000 data_end=0x80674000
[INFO mm] AS-MAP: KSTACK check: start=0x80673000 end=0x8067c000 data_end=0x80674000 guard=0 map_from=0x80674000
[INFO mm] AS-MAP: mapping KSTACK tail 0x80674000..0x8067c000
[INFO mm] AS-MAP: KSTACK tail mapped ok
[INFO mm] map kernel segments ok
[INFO task] SPAWN-FRAME: sepc=0x802228cc sp(x2)=0x40000000 gp(x3)=0x0
[DEBUG sched] enqueue: pid=15 qos=Normal
[INFO sys] SPAWN: entry=0x802228cc sp=0x0 as=0 slot=0 gp=0x0
CAP: new enter
CAP: with_capacity slots=96
CAP: new exit
[INFO mm] AS-MAP: HEAP OK in DATA range: heap=0x80425000..0x80625000 data_end=0x80674000
[INFO mm] AS-MAP: KSTACK check: start=0x80673000 end=0x8067c000 data_end=0x80674000 guard=0 map_from=0x80674000
[INFO mm] AS-MAP: mapping KSTACK tail 0x80674000..0x8067c000
[INFO mm] AS-MAP: KSTACK tail mapped ok
[INFO mm] map kernel segments ok
[INFO task] SPAWN-FRAME: sepc=0x802228cc sp(x2)=0x40000000 gp(x3)=0x0
[DEBUG sched] enqueue: pid=16 qos=Normal
[INFO selftest] KSELFTEST: wait ok
[INFO selftest] KSELFTEST: spawn init begin
SYSCALL install debug_putc=0x0000000080227c68
SYSCALL install ep_create=0x000000008022695a
[INFO mm] AS-MAP: HEAP OK in DATA range: heap=0x80425000..0x80625000 data_end=0x80674000
[INFO mm] AS-MAP: KSTACK check: start=0x80673000 end=0x8067c000 data_end=0x80674000 guard=0 map_from=0x80674000
[INFO mm] AS-MAP: mapping KSTACK tail 0x80674000..0x8067c000
[INFO mm] AS-MAP: KSTACK tail mapped ok
[INFO mm] map kernel segments ok
[INFO selftest] KSELFTEST: PT_LOAD segment vaddr=0x10400000 memsz=0x141c2 flags=0x5
[INFO selftest] KSELFTEST: map flags bits=0x1b
[INFO selftest] KSELFTEST: PT_LOAD segment vaddr=0x104141c8 memsz=0x152108 flags=0x4
[INFO selftest] KSELFTEST: map flags bits=0x13
[INFO selftest] KSELFTEST: PT_LOAD segment vaddr=0x105662d0 memsz=0x80d31 flags=0x6
[INFO selftest] KSELFTEST: map flags bits=0x17
[INFO selftest] KSELFTEST: text page entry=0x000000002020005b va=0x0000000010400000
[INFO selftest] KSELFTEST: data page entry=0x00000000202598d7 va=0x0000000010566000
[INFO selftest] KSELFTEST: derived gp=0x10566ad0 from .sdata/.data
[INFO selftest] KSELFTEST: init loaded entry=0x10400000 sp=0x20008000 gp=0x10566ad0
[INFO sys] SPAWN: entry=0x10400000 sp=0x20008000 as=6 slot=0 gp=0x10566ad0
CAP: new enter
CAP: with_capacity slots=96
CAP: new exit
[INFO task] SPAWN-FRAME: sepc=0x10400000 sp(x2)=0x20008000 gp(x3)=0x10566ad0
[DEBUG sched] enqueue: pid=17 qos=Normal
[INFO selftest] KSELFTEST: spawn ok pid=17
[INFO selftest] KSELFTEST: init frame:
  sepc=0x0000000010400000
  gp=0x0000000010566ad0
  sp=0x0000000020008000
  sstatus=0x0000000000040020
  SPP=0 (U-mode=0, S-mode=1)
[INFO selftest] KSELFTEST: init spawned successfully
[INFO selftest] KSELFTEST: returning to idle loop for scheduling
[INFO kmain] KMAIN: Entering idle_loop
[INFO kmain] KMAIN: idle_loop iteration 0
[INFO kmain] KMAIN: skip S-mode task pid=15 (SPP=1)
[INFO kmain] KMAIN: skip S-mode task pid=16 (SPP=1)
[INFO kmain] KMAIN: switch to U-mode pid=17 sepc=0x10400000 sp=0x20008000
ACTIVATE_AND_SWITCH: about to activate AS and jump to sepc=0x0000000010400000 frame_ptr=0x0000000080439730 sp=0x0000000020008000 gp=0x0000000010566ad0 ra=0x0000000000000000 sstatus=0x0000000000040020 off_sepc=0x0000000000000100
AS: activating satp=0x800060000008064f
AS: pc check va=0x000000008020a000
AS: sp check va=0x000000008067a000
AS: ensure_rx_guard pc=0x000000008020a6c0
[INFO as] AS: trampoline enter val=0x800060000008064f
AS: post-satp OK
UB!init-lite entry
init: entry
log topics mask=0x0000000000000001
init: start
init: start keystored
[INFO mm] AS-MAP: HEAP OK in DATA range: heap=0x80425000..0x80625000 data_end=0x80674000
[INFO mm] AS-MAP: KSTACK check: start=0x80673000 end=0x8067c000 data_end=0x80674000 guard=0 map_from=0x80674000
[INFO mm] AS-MAP: mapping KSTACK tail 0x80674000..0x8067c000
[INFO mm] AS-MAP: KSTACK tail mapped ok
[INFO mm] map kernel segments ok
[INFO exec] EXEC-META: va=0x2000b000 pa=0x810ac000 entry=0x000000002042b053 name_len=0x9 info_va=0x2000c000
CAP: new enter
CAP: with_capacity slots=96
CAP: new exit
[INFO task] SPAWN-FRAME: sepc=0x158a8 sp(x2)=0x20008000 gp(x3)=0x27920
[DEBUG sched] enqueue: pid=18 qos=Normal
init: up keystored
init: start rngd
[INFO mm] AS-MAP: HEAP OK in DATA range: heap=0x80425000..0x80625000 data_end=0x80674000
[INFO mm] AS-MAP: KSTACK check: start=0x80673000 end=0x8067c000 data_end=0x80674000 guard=0 map_from=0x80674000
[INFO mm] AS-MAP: mapping KSTACK tail 0x80674000..0x8067c000
[INFO mm] AS-MAP: KSTACK tail mapped ok
[INFO mm] map kernel segments ok
[INFO exec] EXEC-META: va=0x2000b000 pa=0x81148000 entry=0x0000000020452053 name_len=0x4 info_va=0x2000c000
CAP: new enter
CAP: with_capacity slots=96
CAP: new exit
[INFO task] SPAWN-FRAME: sepc=0x128c2 sp(x2)=0x20008000 gp(x3)=0x16fa4
[DEBUG sched] enqueue: pid=19 qos=Normal
init: up rngd
init: start policyd
[INFO mm] AS-MAP: HEAP OK in DATA range: heap=0x80425000..0x80625000 data_end=0x80674000
[INFO mm] AS-MAP: KSTACK check: start=0x80673000 end=0x8067c000 data_end=0x80674000 guard=0 map_from=0x80674000
[INFO mm] AS-MAP: mapping KSTACK tail 0x80674000..0x8067c000
[INFO mm] AS-MAP: KSTACK tail mapped ok
[INFO mm] map kernel segments ok
[INFO exec] EXEC-META: va=0x2000b000 pa=0x811e4000 entry=0x0000000020479053 name_len=0x7 info_va=0x2000c000
CAP: new enter
CAP: with_capacity slots=96
CAP: new exit
[INFO task] SPAWN-FRAME: sepc=0x12302 sp(x2)=0x20008000 gp(x3)=0x16cc8
[DEBUG sched] enqueue: pid=20 qos=Normal
init: up policyd
init: start logd
[INFO mm] AS-MAP: HEAP OK in DATA range: heap=0x80425000..0x80625000 data_end=0x80674000
[INFO mm] AS-MAP: KSTACK check: start=0x80673000 end=0x8067c000 data_end=0x80674000 guard=0 map_from=0x80674000
[INFO mm] AS-MAP: mapping KSTACK tail 0x80674000..0x8067c000
[INFO mm] AS-MAP: KSTACK tail mapped ok
[INFO mm] map kernel segments ok
[INFO exec] EXEC-META: va=0x2000b000 pa=0x81281000 entry=0x00000000204a0453 name_len=0x4 info_va=0x2000c000
CAP: new enter
CAP: with_capacity slots=96
CAP: new exit
[INFO task] SPAWN-FRAME: sepc=0x14a4c sp(x2)=0x20008000 gp(x3)=0x18708
[DEBUG sched] enqueue: pid=21 qos=Normal
init: up logd
init: start metricsd
[INFO mm] AS-MAP: HEAP OK in DATA range: heap=0x80425000..0x80625000 data_end=0x80674000
[INFO mm] AS-MAP: KSTACK check: start=0x80673000 end=0x8067c000 data_end=0x80674000 guard=0 map_from=0x80674000
[INFO mm] AS-MAP: mapping KSTACK tail 0x80674000..0x8067c000
[INFO mm] AS-MAP: KSTACK tail mapped ok
[INFO mm] map kernel segments ok
[INFO exec] EXEC-META: va=0x2000b000 pa=0x81327000 entry=0x00000000204c9c53 name_len=0x8 info_va=0x2000c000
CAP: new enter
CAP: with_capacity slots=96
CAP: new exit
[INFO task] SPAWN-FRAME: sepc=0x140e4 sp(x2)=0x20008000 gp(x3)=0x20880
[DEBUG sched] enqueue: pid=22 qos=Normal
init: up metricsd
init: start samgrd
[INFO mm] AS-MAP: HEAP OK in DATA range: heap=0x80425000..0x80625000 data_end=0x80674000
[INFO mm] AS-MAP: KSTACK check: start=0x80673000 end=0x8067c000 data_end=0x80674000 guard=0 map_from=0x80674000
[INFO mm] AS-MAP: mapping KSTACK tail 0x80674000..0x8067c000
[INFO mm] AS-MAP: KSTACK tail mapped ok
[INFO mm] map kernel segments ok
[INFO exec] EXEC-META: va=0x2000b000 pa=0x813c3000 entry=0x00000000204f0c53 name_len=0x6 info_va=0x2000c000
CAP: new enter
CAP: with_capacity slots=96
CAP: new exit
[INFO task] SPAWN-FRAME: sepc=0x13f08 sp(x2)=0x20008000 gp(x3)=0x17668
[DEBUG sched] enqueue: pid=23 qos=Normal
init: up samgrd
init: start bundlemgrd
[INFO mm] AS-MAP: HEAP OK in DATA range: heap=0x80425000..0x80625000 data_end=0x80674000
[INFO mm] AS-MAP: KSTACK check: start=0x80673000 end=0x8067c000 data_end=0x80674000 guard=0 map_from=0x80674000
[INFO mm] AS-MAP: mapping KSTACK tail 0x80674000..0x8067c000
[INFO mm] AS-MAP: KSTACK tail mapped ok
[INFO mm] map kernel segments ok
[INFO exec] EXEC-META: va=0x2000b000 pa=0x81460000 entry=0x0000000020518053 name_len=0xa info_va=0x2000c000
CAP: new enter
CAP: with_capacity slots=96
CAP: new exit
[INFO task] SPAWN-FRAME: sepc=0x13e9a sp(x2)=0x20008000 gp(x3)=0x17d28
[DEBUG sched] enqueue: pid=24 qos=Normal
init: up bundlemgrd
init: start statefsd
[INFO mm] AS-MAP: HEAP OK in DATA range: heap=0x80425000..0x80625000 data_end=0x80674000
[INFO mm] AS-MAP: KSTACK check: start=0x80673000 end=0x8067c000 data_end=0x80674000 guard=0 map_from=0x80674000
[INFO mm] AS-MAP: mapping KSTACK tail 0x80674000..0x8067c000
[INFO mm] AS-MAP: KSTACK tail mapped ok
[INFO mm] map kernel segments ok
[INFO exec] EXEC-META: va=0x2000b000 pa=0x81504000 entry=0x0000000020541053 name_len=0x8 info_va=0x2000c000
CAP: new enter
CAP: with_capacity slots=96
CAP: new exit
[INFO task] SPAWN-FRAME: sepc=0x138e2 sp(x2)=0x20008000 gp(x3)=0x1f00c
[DEBUG sched] enqueue: pid=25 qos=Normal
init: up statefsd
init: start updated
[INFO mm] AS-MAP: HEAP OK in DATA range: heap=0x80425000..0x80625000 data_end=0x80674000
[INFO mm] AS-MAP: KSTACK check: start=0x80673000 end=0x8067c000 data_end=0x80674000 guard=0 map_from=0x80674000
[INFO mm] AS-MAP: mapping KSTACK tail 0x80674000..0x8067c000
[INFO mm] AS-MAP: KSTACK tail mapped ok
[INFO mm] map kernel segments ok
[INFO exec] EXEC-META: va=0x2000b000 pa=0x815bc000 entry=0x000000002056f053 name_len=0x7 info_va=0x2000c000
CAP: new enter
CAP: with_capacity slots=96
CAP: new exit
[INFO task] SPAWN-FRAME: sepc=0x16070 sp(x2)=0x20008000 gp(x3)=0x32c68
[DEBUG sched] enqueue: pid=26 qos=Normal
init: updated ctrl slots send=0x0000000000000001 recv=0x0000000000000002
init: up updated
init: start timed
[INFO mm] AS-MAP: HEAP OK in DATA range: heap=0x80425000..0x80625000 data_end=0x80674000
[INFO mm] AS-MAP: KSTACK check: start=0x80673000 end=0x8067c000 data_end=0x80674000 guard=0 map_from=0x80674000
[INFO mm] AS-MAP: mapping KSTACK tail 0x80674000..0x8067c000
[INFO mm] AS-MAP: KSTACK tail mapped ok
[INFO mm] map kernel segments ok
[INFO exec] EXEC-META: va=0x2000b000 pa=0x81657000 entry=0x0000000020595c53 name_len=0x5 info_va=0x2000c000
CAP: new enter
CAP: with_capacity slots=96
CAP: new exit
[INFO task] SPAWN-FRAME: sepc=0x12d66 sp(x2)=0x20008000 gp(x3)=0x16424
[DEBUG sched] enqueue: pid=27 qos=Normal
init: up timed
init: start packagefsd
[INFO mm] AS-MAP: HEAP OK in DATA range: heap=0x80425000..0x80625000 data_end=0x80674000
[INFO mm] AS-MAP: KSTACK check: start=0x80673000 end=0x8067c000 data_end=0x80674000 guard=0 map_from=0x80674000
[INFO mm] AS-MAP: mapping KSTACK tail 0x80674000..0x8067c000
[INFO mm] AS-MAP: KSTACK tail mapped ok
[INFO mm] map kernel segments ok
[INFO exec] EXEC-META: va=0x2000b000 pa=0x81703000 entry=0x00000000205c0c53 name_len=0xa info_va=0x2000c000
CAP: new enter
CAP: with_capacity slots=96
CAP: new exit
[INFO task] SPAWN-FRAME: sepc=0x15fd2 sp(x2)=0x20008000 gp(x3)=0x270aa
[DEBUG sched] enqueue: pid=28 qos=Normal
init: up packagefsd
init: start vfsd
[INFO mm] AS-MAP: HEAP OK in DATA range: heap=0x80425000..0x80625000 data_end=0x80674000
[INFO mm] AS-MAP: KSTACK check: start=0x80673000 end=0x8067c000 data_end=0x80674000 guard=0 map_from=0x80674000
[INFO mm] AS-MAP: mapping KSTACK tail 0x80674000..0x8067c000
[INFO mm] AS-MAP: KSTACK tail mapped ok
[INFO mm] map kernel segments ok
[INFO exec] EXEC-META: va=0x2000b000 pa=0x817a3000 entry=0x00000000205e8c53 name_len=0x4 info_va=0x2000c000
CAP: new enter
CAP: with_capacity slots=96
CAP: new exit
[INFO task] SPAWN-FRAME: sepc=0x152bc sp(x2)=0x20008000 gp(x3)=0x1aa7c
[DEBUG sched] enqueue: pid=29 qos=Normal
init: up vfsd
init: start execd
[INFO mm] AS-MAP: HEAP OK in DATA range: heap=0x80425000..0x80625000 data_end=0x80674000
[INFO mm] AS-MAP: KSTACK check: start=0x80673000 end=0x8067c000 data_end=0x80674000 guard=0 map_from=0x80674000
[INFO mm] AS-MAP: mapping KSTACK tail 0x80674000..0x8067c000
[INFO mm] AS-MAP: KSTACK tail mapped ok
[INFO mm] map kernel segments ok
[INFO exec] EXEC-META: va=0x2000b000 pa=0x81847000 entry=0x0000000020611c53 name_len=0x5 info_va=0x2000c000
CAP: new enter
CAP: with_capacity slots=96
CAP: new exit
[INFO task] SPAWN-FRAME: sepc=0x12e4a sp(x2)=0x20008000 gp(x3)=0x1f160
[DEBUG sched] enqueue: pid=30 qos=Normal
init: up execd
init: start netstackd
[INFO mm] AS-MAP: HEAP OK in DATA range: heap=0x80425000..0x80625000 data_end=0x80674000
[INFO mm] AS-MAP: KSTACK check: start=0x80673000 end=0x8067c000 data_end=0x80674000 guard=0 map_from=0x80674000
[INFO mm] AS-MAP: mapping KSTACK tail 0x80674000..0x8067c000
[INFO mm] AS-MAP: KSTACK tail mapped ok
[INFO mm] map kernel segments ok
[INFO exec] EXEC-META: va=0x2000b000 pa=0x818f8000 entry=0x000000002063e053 name_len=0x9 info_va=0x2000c000
CAP: new enter
CAP: with_capacity slots=96
CAP: new exit
[INFO task] SPAWN-FRAME: sepc=0x1da5e sp(x2)=0x20008000 gp(x3)=0x2c45c
[DEBUG sched] enqueue: pid=31 qos=Normal
init: up netstackd
init: start dsoftbusd
[INFO mm] AS-MAP: HEAP OK in DATA range: heap=0x80425000..0x80625000 data_end=0x80674000
[INFO mm] AS-MAP: KSTACK check: start=0x80673000 end=0x8067c000 data_end=0x80674000 guard=0 map_from=0x80674000
[INFO mm] AS-MAP: mapping KSTACK tail 0x80674000..0x8067c000
[INFO mm] AS-MAP: KSTACK tail mapped ok
[INFO mm] map kernel segments ok
[INFO exec] EXEC-META: va=0x2000b000 pa=0x819ba000 entry=0x000000002066e853 name_len=0x9 info_va=0x2000c000
CAP: new enter
CAP: with_capacity slots=96
CAP: new exit
[INFO task] SPAWN-FRAME: sepc=0x2e6b0 sp(x2)=0x20008000 gp(x3)=0x3d388
[DEBUG sched] enqueue: pid=32 qos=Normal
init: up dsoftbusd
init: start hidrawd
[INFO mm] AS-MAP: HEAP OK in DATA range: heap=0x80425000..0x80625000 data_end=0x80674000
[INFO mm] AS-MAP: KSTACK check: start=0x80673000 end=0x8067c000 data_end=0x80674000 guard=0 map_from=0x80674000
[INFO mm] AS-MAP: mapping KSTACK tail 0x80674000..0x8067c000
[INFO mm] AS-MAP: KSTACK tail mapped ok
[INFO mm] map kernel segments ok
[INFO exec] EXEC-META: va=0x2000b000 pa=0x81a52000 entry=0x0000000020694853 name_len=0x7 info_va=0x2000c000
CAP: new enter
CAP: with_capacity slots=96
CAP: new exit
[INFO task] SPAWN-FRAME: sepc=0x146ec sp(x2)=0x20008000 gp(x3)=0x19b9c
[DEBUG sched] enqueue: pid=33 qos=Normal
init: up hidrawd
init: start touchd
[INFO mm] AS-MAP: HEAP OK in DATA range: heap=0x80425000..0x80625000 data_end=0x80674000
[INFO mm] AS-MAP: KSTACK check: start=0x80673000 end=0x8067c000 data_end=0x80674000 guard=0 map_from=0x80674000
[INFO mm] AS-MAP: mapping KSTACK tail 0x80674000..0x8067c000
[INFO mm] AS-MAP: KSTACK tail mapped ok
[INFO mm] map kernel segments ok
[INFO exec] EXEC-META: va=0x2000b000 pa=0x81ae3000 entry=0x00000000206b8c53 name_len=0x6 info_va=0x2000c000
CAP: new enter
CAP: with_capacity slots=96
CAP: new exit
[INFO task] SPAWN-FRAME: sepc=0x11caa sp(x2)=0x20008000 gp(x3)=0x13660
[DEBUG sched] enqueue: pid=34 qos=Normal
init: up touchd
init: start inputd
[INFO mm] AS-MAP: HEAP OK in DATA range: heap=0x80425000..0x80625000 data_end=0x80674000
[INFO mm] AS-MAP: KSTACK check: start=0x80673000 end=0x8067c000 data_end=0x80674000 guard=0 map_from=0x80674000
[INFO mm] AS-MAP: mapping KSTACK tail 0x80674000..0x8067c000
[INFO mm] AS-MAP: KSTACK tail mapped ok
[INFO mm] map kernel segments ok
[INFO exec] EXEC-META: va=0x2000b000 pa=0x81b7f000 entry=0x00000000206dfc53 name_len=0x6 info_va=0x2000c000
CAP: new enter
CAP: with_capacity slots=96
CAP: new exit
[INFO task] SPAWN-FRAME: sepc=0x1550e sp(x2)=0x20008000 gp(x3)=0x1dc8a
[DEBUG sched] enqueue: pid=35 qos=Normal
init: up inputd
init: start fbdevd
[INFO mm] AS-MAP: HEAP OK in DATA range: heap=0x80425000..0x80625000 data_end=0x80674000
[INFO mm] AS-MAP: KSTACK check: start=0x80673000 end=0x8067c000 data_end=0x80674000 guard=0 map_from=0x80674000
[INFO mm] AS-MAP: mapping KSTACK tail 0x80674000..0x8067c000
[INFO mm] AS-MAP: KSTACK tail mapped ok
[INFO mm] map kernel segments ok
[INFO exec] EXEC-META: va=0x2000b000 pa=0x81c1c000 entry=0x0000000020707053 name_len=0x6 info_va=0x2000c000
CAP: new enter
CAP: with_capacity slots=96
CAP: new exit
[INFO task] SPAWN-FRAME: sepc=0x16660 sp(x2)=0x20008000 gp(x3)=0x1f74e
[DEBUG sched] enqueue: pid=36 qos=Normal
init: up fbdevd
init: start selftest-client
[INFO mm] AS-MAP: HEAP OK in DATA range: heap=0x80425000..0x80625000 data_end=0x80674000
[INFO mm] AS-MAP: KSTACK check: start=0x80673000 end=0x8067c000 data_end=0x80674000 guard=0 map_from=0x80674000
[INFO mm] AS-MAP: mapping KSTACK tail 0x80674000..0x8067c000
[INFO mm] AS-MAP: KSTACK tail mapped ok
[INFO mm] map kernel segments ok
[INFO exec] EXEC-META: va=0x2000b000 pa=0x81d02000 entry=0x0000000020740853 name_len=0xf info_va=0x2000c000
CAP: new enter
CAP: with_capacity slots=96
CAP: new exit
[INFO task] SPAWN-FRAME: sepc=0x4aa82 sp(x2)=0x20008000 gp(x3)=0x60ef8
[DEBUG sched] enqueue: pid=37 qos=Normal
init: up selftest-client
init: ready
!init-lite ready
init: probe key_req self-xfer pid=0x0000000000000011 cap=0x000000000000003d
init: probe key_req self-xfer SEND ok slot=0x000000000000003e
init: probe key_req self-xfer RECV ok slot=0x000000000000003e
AS: activating satp=0x8000700000080659
AS: pc check va=0x000000008020a000
AS: sp check va=0x000000008067a000
AS: ensure_rx_guard pc=0x000000008020a6c0
[INFO as] AS: trampoline enter val=0x8000700000080659
AS: post-satp OK
UBkeystored: ready
[DEBUG sched] enqueue: pid=18 qos=Normal
AS: activating satp=0x8000800000080663
AS: pc check va=0x000000008020a000
AS: sp check va=0x000000008067a000
AS: ensure_rx_guard pc=0x000000008020a6c0
[INFO as] AS: trampoline enter val=0x8000800000080663
AS: post-satp OK
UBrngd: ready
[DEBUG sched] enqueue: pid=19 qos=Normal
AS: activating satp=0x8000900000080444
AS: pc check va=0x000000008020a000
AS: sp check va=0x000000008067a000
AS: ensure_rx_guard pc=0x000000008020a6c0
[INFO as] AS: trampoline enter val=0x8000900000080444
AS: post-satp OK
UBpolicyd: ready
abi-profile: ready (server=policyd|abi-filterd)
policyd: audit emit deferred
policyd: mmio blk deny priv
[DEBUG sched] enqueue: pid=17 qos=Normal
[DEBUG sched] enqueue: pid=20 qos=Normal
AS: activating satp=0x8000a0000008044f
AS: pc check va=0x000000008020a000
AS: sp check va=0x000000008067a000
AS: ensure_rx_guard pc=0x000000008020a6c0
[INFO as] AS: trampoline enter val=0x8000a0000008044f
AS: post-satp OK
UB[DEBUG sched] enqueue: pid=21 qos=Normal
AS: activating satp=0x8000b0000008045a
AS: pc check va=0x000000008020a000
AS: sp check va=0x000000008067a000
AS: ensure_rx_guard pc=0x000000008020a6c0
UB[DEBUG sched] enqueue: pid=22 qos=Normal
AS: activating satp=0x8000c00000080465
AS: pc check va=0x000000008020a000
AS: sp check va=0x000000008067a000
AS: ensure_rx_guard pc=0x000000008020a6c0
UBsamgrd: ready
samgrd: mode os-lite
AS: activating satp=0x8000d00000080470
AS: pc check va=0x000000008020a000
AS: sp check va=0x000000008067a000
AS: ensure_rx_guard pc=0x000000008020a6c0
UBbundlemgrd: ready
AS: activating satp=0x8000e0000008047b
AS: pc check va=0x000000008020a000
AS: sp check va=0x000000008067a000
AS: ensure_rx_guard pc=0x000000008020a6c0
UBstatefsd: entry
AS: activating satp=0x8000f00000080488
AS: pc check va=0x000000008020a000
AS: sp check va=0x000000008067a000
AS: ensure_rx_guard pc=0x000000008020a6c0
UBupdated: entry
AS: activating satp=0x8001000000080492
AS: pc check va=0x000000008020a000
AS: sp check va=0x000000008067a000
AS: ensure_rx_guard pc=0x000000008020a6c0
UBAS: activating satp=0x800110000008049d
AS: pc check va=0x000000008020a000
AS: sp check va=0x000000008067a000
AS: ensure_rx_guard pc=0x000000008020a6c0
UBpackagefsd: ready
AS: activating satp=0x80012000000804a9
AS: pc check va=0x000000008020a000
AS: sp check va=0x000000008067a000
AS: ensure_rx_guard pc=0x000000008020a6c0
UBvfsd: ready
vfsd: namespace ready
UBexecd: entry
execd: ready
UBnetstackd: ready
UBdsoftbusd: waiting for slots
UBhidrawd: input slot missing 50
hidrawd: input slot missing 51
hidrawd: input slot missing 52
UBtouchd: os service payload ready
UBUBUBinit: mmio policy deny ok
init: mmio grant begin svc=netstackd pid=0x000000000000001f slot=0x0000000000000030 base=0x0000000010006000 len=0x0000000000001000 cap=device.mmio.net
policyd: audit emit deferred
policyd: mmio net allow priv
init: mmio cap_create svc=netstackd
init: mmio cap_create ok svc=netstackd cap_slot=0x000000000000005b
init: mmio xfer_to_slot svc=netstackd dst_slot=0x0000000000000030
init: mmio xfer_to_slot ok svc=netstackd got=0x0000000000000030
init: mmio grant svc=netstackd slot=0x0000000000000030
init: mmio grant begin svc=rngd pid=0x0000000000000013 slot=0x0000000000000030 base=0x0000000010005000 len=0x0000000000001000 cap=device.mmio.rng
policyd: audit emit deferred
policyd: mmio rng allow priv
net: virtio-net up
SELFTEST: net iface ok
net: virtio tx reclaim
net: dhcp event configured
net: dhcp bound 10.0.2.15/24 gw=10.0.2.2
net: smoltcp iface up 10.0.2.15
SELFTEST: net ping ok
init: mmio cap_create svc=rngd
init: mmio cap_create ok svc=rngd cap_slot=0x000000000000005b
init: mmio xfer_to_slot svc=rngd dst_slot=0x0000000000000030
init: mmio xfer_to_slot ok svc=rngd got=0x0000000000000030
init: mmio grant svc=rngd slot=0x0000000000000030
init: mmio grant begin svc=selftest-client pid=0x0000000000000025 slot=0x0000000000000030 base=0x0000000010006000 len=0x0000000000001000 cap=device.mmio.net
policyd: audit emit deferred
policyd: mmio net allow priv
init: mmio cap_create svc=selftest-client
init: mmio cap_create ok svc=selftest-client cap_slot=0x000000000000005b
init: mmio xfer_to_slot svc=selftest-client dst_slot=0x0000000000000030
init: mmio xfer_to_slot ok svc=selftest-client got=0x0000000000000030
init: mmio grant svc=selftest-client slot=0x0000000000000030
init: mmio grant begin svc=selftest-client pid=0x0000000000000025 slot=0x0000000000000031 base=0x0000000010100000 len=0x0000000000001000 cap=device.mmio.fwcfg
policyd: audit emit deferred
init: mmio cap_create svc=selftest-client
init: mmio cap_create ok svc=selftest-client cap_slot=0x000000000000005b
init: mmio xfer_to_slot svc=selftest-client dst_slot=0x0000000000000031
init: mmio xfer_to_slot ok svc=selftest-client got=0x0000000000000031
init: mmio grant svc=selftest-client slot=0x0000000000000031
init: mmio grant begin svc=fbdevd pid=0x0000000000000024 slot=0x0000000000000031 base=0x0000000010100000 len=0x0000000000001000 cap=device.mmio.fwcfg
policyd: audit emit deferred
init: mmio cap_create svc=fbdevd
init: mmio cap_create ok svc=fbdevd cap_slot=0x000000000000005b
init: mmio xfer_to_slot svc=fbdevd dst_slot=0x0000000000000031
init: mmio xfer_to_slot ok svc=fbdevd got=0x0000000000000031
init: mmio grant svc=fbdevd slot=0x0000000000000031
init: mmio grant begin svc=hidrawd pid=0x0000000000000021 slot=0x0000000000000032 base=0x0000000010007000 len=0x0000000000001000 cap=device.mmio.input
policyd: audit emit deferred
init: mmio cap_create svc=hidrawd
init: mmio cap_create ok svc=hidrawd cap_slot=0x000000000000005b
init: mmio xfer_to_slot svc=hidrawd dst_slot=0x0000000000000032
init: mmio xfer_to_slot ok svc=hidrawd got=0x0000000000000032
init: mmio grant svc=hidrawd slot=0x0000000000000032
init: mmio grant begin svc=hidrawd pid=0x0000000000000021 slot=0x0000000000000033 base=0x0000000010008000 len=0x0000000000001000 cap=device.mmio.input
policyd: audit emit deferred
init: mmio cap_create svc=hidrawd
init: mmio cap_create ok svc=hidrawd cap_slot=0x000000000000005b
init: mmio xfer_to_slot svc=hidrawd dst_slot=0x0000000000000033
init: mmio xfer_to_slot ok svc=hidrawd got=0x0000000000000033
init: mmio grant svc=hidrawd slot=0x0000000000000033
init: mmio grant begin svc=statefsd pid=0x0000000000000019 slot=0x0000000000000030 base=0x0000000010004000 len=0x0000000000001000 cap=device.mmio.blk
policyd: audit emit deferred
policyd: mmio blk allow priv
init: mmio cap_create svc=statefsd
init: mmio cap_create ok svc=statefsd cap_slot=0x000000000000005b
init: mmio xfer_to_slot svc=statefsd dst_slot=0x0000000000000030
init: mmio xfer_to_slot ok svc=statefsd got=0x0000000000000030
init: mmio grant svc=statefsd slot=0x0000000000000030
init: wire svc=keystored pid=0x0000000000000012
init: ks arm
init: wire keystored xfer key_req RECV cap=0x000000000000003d
init: wire keystored xfer key_rsp SEND cap=0x000000000000003e
init: wire keystored create reply_ep
init: wire keystored xfer reply_ep RECV cap=0x000000000000005b
init: wire keystored xfer reply_ep SEND cap=0x000000000000005b
init: wire keystored xfer state_req SEND cap=0x000000000000003f
init: wire keystored xfer pol_req SEND cap=0x0000000000000032
init: wire keystored xfer rng_req SEND cap=0x0000000000000041
init: wire svc=rngd pid=0x0000000000000013
init: wire svc=policyd pid=0x0000000000000014
init: policyd slots recv=0x0000000000000003 send=0x0000000000000004
init: policyd reply slots recv=0x0000000000000009 send=0x000000000000000a
init: policyd logd slots send=0x000000000000000b recv=0x0000000000000009
init: wire svc=logd pid=0x0000000000000015
init: logd slots recv=0x0000000000000003 send=0x0000000000000004
init: wire svc=metricsd pid=0x0000000000000016
init: metricsd slots recv=0x0000000000000003 send=0x0000000000000004
init: metricsd logd slots send=0x0000000000000008 recv=0x0000000000000005
init: wire svc=samgrd pid=0x0000000000000017
init: samgrd slots recv=0x0000000000000003 send=0x0000000000000004
init: wire svc=bundlemgrd pid=0x0000000000000018
init: bundlemgrd slots recv=0x0000000000000003 send=0x0000000000000004
init: wire svc=statefsd pid=0x0000000000000019
init: statefsd slots recv=0x0000000000000003 send=0x0000000000000004
init: wire svc=updated pid=0x000000000000001a
init: updated slots recv=0x0000000000000003 send=0x0000000000000004
init: updated statefsd send slot=0x0000000000000009
init: updated reply recv slot=0x000000000000000a
init: updated reply send slot=0x000000000000000b
init: wire svc=timed pid=0x000000000000001b
init: wire svc=packagefsd pid=0x000000000000001c
init: wire svc=vfsd pid=0x000000000000001d
init: wire svc=execd pid=0x000000000000001e
init: execd reply slots recv=0x0000000000000005 send=0x0000000000000006
init: execd logd slots send=0x0000000000000007 recv=0x0000000000000005
init: wire svc=netstackd pid=0x000000000000001f
init: wire netstackd xfer net_req RECV
init: wire netstackd xfer net_rsp SEND
init: netstackd svc slots recv=0x0000000000000005 send=0x0000000000000006
init: wire svc=dsoftbusd pid=0x0000000000000020
init: dsoftbusd netstackd slots send=0x0000000000000003 recv=0x0000000000000004
init: dsoftbusd reply slots recv=0x0000000000000005 send=0x0000000000000006
init: dsoftbusd packagefsd slots send=0x0000000000000009 recv=0x000000000000000a
init: dsoftbusd statefsd slots send=0x000000000000000b recv=0x000000000000000c
init: wire svc=hidrawd pid=0x0000000000000021
init: hidrawd inputd slots send=0x0000000000000003 recv=0x0000000000000004
init: wire svc=touchd pid=0x0000000000000022
init: wire svc=inputd pid=0x0000000000000023
init: inputd slots recv=0x0000000000000003 send=0x0000000000000004
init: wire svc=fbdevd pid=0x0000000000000024
init: fbdevd slots recv=0x0000000000000003 send=0x0000000000000004
init: fbdevd inputd slots send=0x0000000000000007 recv=0x0000000000000005
init: wire svc=selftest-client pid=0x0000000000000025
init: selftest vfsd slots send=0x0000000000000003 recv=0x0000000000000004
init: selftest policyd slots send=0x0000000000000007 recv=0x0000000000000008
init: selftest bundlemgrd slots send=0x0000000000000009 recv=0x000000000000000a
init: selftest updated slots send=0x000000000000000b recv=0x000000000000000c
init: selftest samgrd slots send=0x000000000000000d recv=0x000000000000000e
init: selftest execd slots send=0x000000000000000f recv=0x0000000000000010
init: selftest keystored slots send=0x0000000000000011 recv=0x0000000000000012
init: selftest statefsd slots send=0x0000000000000013 recv=0x0000000000000014
init: selftest logd slots send=0x0000000000000015 recv=0x0000000000000016
init: selftest metricsd slots send=0x0000000000000021 recv=0x0000000000000022
init: selftest reply slots send=0x0000000000000018 recv=0x0000000000000017
init: selftest inputd slots send=0x0000000000000019 recv=0x0000000000000017
init: selftest fbdevd slots send=0x000000000000001a recv=0x0000000000000017
init: selftest rngd slots send=0x000000000000001f recv=0x0000000000000020
statefsd: ready
updated: slots 0003 0004
updated: statefs init
updated: statefs slot fallback
updated: statefs available
dsoftbusd: entry
dsoftbusd: waiting for local ip
keystored: statefs backend ok
virtio-blk: mmio modern
virtio-blk: q_pa=0x0000000081d0e000 pfn=0x00081d0e
virtio-blk: q_max=00000400
virtio-blk: status=0000000b
virtio-blk: pfn_rb=00000000
virtio-blk: q_layout desc=20080000 avail=20080080 used=20080098
virtio-blk: status_ok=0000000f
virtio-blk: buf_pa=0x0000000081d0f000
virtio-blk: cap=0000000000020000 sectors
logd: route fallback
logd: ready
logd: ready
samgrd: route err timeout
samgrd: route fallback
samgrd: slots logging
samgrd: slots 00000003 00000004
bundlemgrd: route err timeout
bundlemgrd: route fallback
inputd: route err timeout
inputd: route fallback
inputd: fallback slots 3/4
inputd: ready
inputd: keymap=de
inputd: os service payload ready
fbdevd: ready
fbdevd: map ok
fbdevd: ramfb configured
fbdevd: flush ok
virtio-blk: warmup ok
blk: virtio-blk up
blk: virtio-blk up (ss=512 nsec=131072)
statefsd: virtio upgrade ok
logd: rx first
logd: append rx
logd: append rsp status=0x00
policyd: audit emit ok
updated: bootctl load miss
updated: ready (statefs)
updated: rx
updated: rx head 55 44 01
updated: rx op 05
[INFO updated] core service log probe: updated
packagefsd: v2 mounted (pkgimg)
updated: capmove
[INFO updated] audit op=boot_attempt status=ok
dbg:netstackd: dns h-start
updated: audit (op=boot_attempt status=ok)
updated: tx op 85
updated: replycap slot=0x0000000d
[INFO bundlemgrd] core service log probe: bundlemgrd
bundlemgrd: sender denied
init: rollback deferred
init: ctrl req from updated
metricsd: ready
policyd: audit emit ok
init: route vfsd from vfsd
init: route vfsd lookup svc=vfsd has_slots=Y
timed: ready
hidrawd: virtio-input mmio ready
hidrawd: input slot missing 52
hidrawd: ready
hidrawd: os service payload ready
init: ctrl req from updated
SELFTEST: ipc routing keystored ok
SELFTEST: keystored v1 ok
[INFO qos] QOS-AUDIT decision=allow reason=applied caller_sid=0x52c6c4a34ffb3f69 caller_pid=37 target_pid=37 from=normal to=normal
[INFO qos] QOS-AUDIT decision=deny reason=unauthorized_escalation caller_sid=0x52c6c4a34ffb3f69 caller_pid=37 target_pid=37 from=normal to=interactive
SELFTEST: qos ok
timed: audit register decision=allow reason=applied
timed: audit register decision=deny reason=over_limit
timed: audit register decision=deny reason=invalid_args
SELFTEST: timed coalesce ok
SELFTEST: rng entropy send
rngd: policy check
init: route policyd from rngd pol_send=0000000000000008 pol_recv=0000000000000005
policyd: audit emit ok
rngd: mmio window mapped ok
rngd: entropy ok
SELFTEST: rng entropy ok
SELFTEST: rng entropy oversized ok
policyd: audit emit ok
rngd: policy check
init: route policyd from rngd pol_send=0000000000000008 pol_recv=0000000000000005
rngd: entropy ok
keystored: device key generated
SELFTEST: device key pubkey ok
SELFTEST: device key private export rejected ok
SELFTEST: statefs put ok
statefsd: access denied path=/state/keystore/deny sender=0x52c6c4a34ffb3f69
SELFTEST: statefs unauthorized access rejected
SELFTEST: statefs persist begin
SELFTEST: statefs persist put ok
SELFTEST: statefs persist sync ok
SELFTEST: statefs persist reopen ok
SELFTEST: statefs persist ok
keystored: rx reload
keystored: reload policy ok
keystored: reload from statefs ok
SELFTEST: reload ok
SELFTEST: device key persist ok
SELFTEST: reply slots 0000000000000018 0000000000000017
SELFTEST: reply loopback ok
SELFTEST: keystored capmove begin
keystored: capmove seen
keystored: capmove req
SELFTEST: keystored capmove ok
init: route logd rsp status=0x0000000000000000 send=0x0000000000000015 recv=0x0000000000000016
dbg:netstackd: dns h2 send-ok
dbg:netstackd: dns h2 send-wouldblock
dbg:netstackd: dns h3 recv-wouldblock-only
dbg:netstackd: dns h1 deadline
netstackd: udp dns unavailable (fallback dhcp proof)
netstackd: net dns proof fail
SELFTEST: net tcp listen ok
netstackd: facade up
netstackd: svc slots 5/6
netstackd: first ipc recv
netstackd: rpc local_addr
dsoftbusd: local ip ok
dsoftbusd: ip phase done
dsoftbusd: udp bind begin
netstackd: rpc udp bind
dsoftbusd: udp bind ok
dsoftbusd: discovery up (udp loopback)
dsoftbusd: discovery announce sent
dsoftbusd: discovery peer found device=local
netstackd: rpc listen
dbg:netstackd: listen mode loopback
netstackd: rpc listen ok
dsoftbusd: os transport up (udp+tcp)
dsoftbusd: transport selected quic
netstackd: rpc listen
netstackd: rpc listen ok
dsoftbusd: session connect peer=node-b
dsoftbusd: connect portB ok
dsoftbusd: connect ip loopback ok
dbg:netstackd: connect req count 1
netstackd: rpc connect loopback ok
dsoftbusd: identity bound peer=node-b
dsoftbusd: dual-node session ok
dsoftbusd: ready
[INFO dsoftbusd] dsoftbusd: ready
SELFTEST: samgrd slots 000000000000000d 000000000000000e
SELFTEST: ipc routing samgrd ok
init: route vfsd from selftest-client
init: route vfsd lookup svc=selftest-client has_slots=Y
SELFTEST: routing vfsd st=0x0000000000000000 send=0x0000000000000003 recv=0x0000000000000004
SELFTEST: samgrd register send
samgrd: rx
samgrd: register seen
SELFTEST: samgrd register rsp len 000000000000000d head=0000000081014d53
SELFTEST: samgrd v1 register ok
SELFTEST: samgrd lookup rsp len 000000000000000d head=0000030082014d53
SELFTEST: samgrd v1 lookup ok
SELFTEST: samgrd lookup rsp len 000000000000000d head=0000000182014d53
SELFTEST: samgrd v1 unknown ok
SELFTEST: samgrd v1 malformed ok
dbg: phase routing skipped
dbg: phase ota skipped
dbg: phase policy skipped
dbg: phase exec skipped
dbg: phase logd skipped
dbg: phase ipc_kernel skipped
dbg: phase mmio skipped
dbg: phase vfs skipped
dbg: phase net skipped
dbg: phase remote skipped
display: bootstrap on
display: mode 1280x800 argb8888
windowd: backend=visible
windowd: present visible ok
display: first scanout ok
systemui: first frame visible
SELFTEST: ui visible present ok
display: bootstrap on
display: mode 1280x800 argb8888
windowd: backend=visible
windowd: present visible ok
display: first scanout ok
systemui: first frame visible
windowd: interactive scene ready
windowd: interactive full markers on
windowd: interactive click target ready
windowd: interactive keyboard target ready
fps: inputd recv_hz=30 hid_ok_hz=0 poll_hz=30 hid_push=0 hid_ok=0 malformed=0 hid_unsupported=0 overflow=0 frame_malformed=0 wire_count=0 wire_kind=0 wire_source=0 wire_event=0 wire_mode=0 abs_cal=0 abs_axis=0 apply_ovf=0 deliver_ovf=0 raw_events=0 norm_events=0 dispatch=0 delivered=0 ptr_d=0 kbd_d=0 ptr_deliv=0 kbd_deliv=0 poll_reply=31 idle_yields=0 pointer_live=0 keyboard_live=0
fps: windowd compose_hz=1 present_hz=1 coalesced=0 dropped=0 damage_px=2048000
fps: fbdevd flush_hz=1 vsync_hz=1 bytes=8192000 flush_fail=0 stale_scanout=0
fps: hidrawd ingress_hz=0 sent_hz=0 raw_batches=0 wire_batches=0 wire_skip=0 raw_events=0 norm_events=0 kbd_batches=0 mouse_rel=0 tablet_abs=0 touch_abs=0 send_fail=0 rebinds=0 idle_yields=8740
fps: inputd recv_hz=59 hid_ok_hz=0 poll_hz=59 hid_push=0 hid_ok=0 malformed=0 hid_unsupported=0 overflow=0 frame_malformed=0 wire_count=0 wire_kind=0 wire_source=0 wire_event=0 wire_mode=0 abs_cal=0 abs_axis=0 apply_ovf=0 deliver_ovf=0 raw_events=0 norm_events=0 dispatch=0 delivered=0 ptr_d=0 kbd_d=0 ptr_deliv=0 kbd_deliv=0 poll_reply=60 idle_yields=0 pointer_live=0 keyboard_live=0
policyd: audit emit ok
policyd: audit emit ok
fps: windowd compose_hz=0 present_hz=0 coalesced=0 dropped=0 damage_px=0
fps: fbdevd flush_hz=0 vsync_hz=0 bytes=0 flush_fail=0 stale_scanout=0
hidrawd: device tablet
hidrawd: source tablet-absolute
hidrawd: virtio-input pointer ready
hidrawd: virtio-input raw event seen
hidrawd: ingress adapter ready
inputd: live pointer route on
windowd: input visible on
windowd: cursor move visible
fps: hidrawd ingress_hz=36 sent_hz=36 raw_batches=37 wire_batches=37 wire_skip=0 raw_events=94 norm_events=94 kbd_batches=0 mouse_rel=0 tablet_abs=37 touch_abs=0 send_fail=0 rebinds=0 idle_yields=8129
windowd: hover visible
dbg: inputd pointer down dispatched
dbg: inputd pointer down delivered
dbg: inputd focus on target
windowd: focus visible
launcher: click visible ok
fps: inputd recv_hz=127 hid_ok_hz=86 poll_hz=40 hid_push=89 hid_ok=89 malformed=0 hid_unsupported=0 overflow=0 frame_malformed=0 wire_count=0 wire_kind=0 wire_source=0 wire_event=0 wire_mode=0 abs_cal=0 abs_axis=0 apply_ovf=0 deliver_ovf=0 raw_events=222 norm_events=222 dispatch=88 delivered=88 ptr_d=88 kbd_d=0 ptr_deliv=88 kbd_deliv=0 poll_reply=42 idle_yields=0 pointer_live=1 keyboard_live=0
fps: windowd compose_hz=34 present_hz=34 coalesced=0 dropped=0 damage_px=7452160
fps: fbdevd flush_hz=34 vsync_hz=34 bytes=29808640 flush_fail=0 stale_scanout=0
hidrawd: device kbd
hidrawd: virtio-input keyboard ready
dbg: inputd keyboard dispatched
dbg: inputd keyboard delivered
inputd: live keyboard route on
fps: hidrawd ingress_hz=94 sent_hz=94 raw_batches=101 wire_batches=101 wire_skip=0 raw_events=236 norm_events=236 kbd_batches=2 mouse_rel=0 tablet_abs=99 touch_abs=0 send_fail=0 rebinds=0 idle_yields=4314
fps: inputd recv_hz=95 hid_ok_hz=53 poll_hz=42 hid_push=54 hid_ok=54 malformed=0 hid_unsupported=0 overflow=0 frame_malformed=0 wire_count=0 wire_kind=0 wire_source=0 wire_event=0 wire_mode=0 abs_cal=0 abs_axis=0 apply_ovf=0 deliver_ovf=0 raw_events=120 norm_events=120 dispatch=53 delivered=49 ptr_d=52 kbd_d=1 ptr_deliv=52 kbd_deliv=1 poll_reply=43 idle_yields=0 pointer_live=1 keyboard_live=1
fps: windowd compose_hz=15 present_hz=15 coalesced=0 dropped=0 damage_px=5489920
fps: fbdevd flush_hz=15 vsync_hz=15 bytes=21959680 flush_fail=0 stale_scanout=0
fps: hidrawd ingress_hz=9 sent_hz=9 raw_batches=10 wire_batches=10 wire_skip=0 raw_events=22 norm_events=22 kbd_batches=0 mouse_rel=0 tablet_abs=10 touch_abs=0 send_fail=0 rebinds=0 idle_yields=7205
policyd: audit emit ok
policyd: audit emit ok
fps: inputd recv_hz=64 hid_ok_hz=4 poll_hz=59 hid_push=5 hid_ok=5 malformed=0 hid_unsupported=0 overflow=0 frame_malformed=0 wire_count=0 wire_kind=0 wire_source=0 wire_event=0 wire_mode=0 abs_cal=0 abs_axis=0 apply_ovf=0 deliver_ovf=0 raw_events=10 norm_events=10 dispatch=5 delivered=5 ptr_d=5 kbd_d=0 ptr_deliv=5 kbd_deliv=0 poll_reply=60 idle_yields=0 pointer_live=1 keyboard_live=1
fps: windowd compose_hz=1 present_hz=1 coalesced=0 dropped=0 damage_px=316160
fps: fbdevd flush_hz=1 vsync_hz=1 bytes=1264640 flush_fail=0 stale_scanout=0
fps: hidrawd ingress_hz=0 sent_hz=0 raw_batches=0 wire_batches=0 wire_skip=0 raw_events=0 norm_events=0 kbd_batches=0 mouse_rel=0 tablet_abs=0 touch_abs=0 send_fail=0 rebinds=0 idle_yields=9676
fps: inputd recv_hz=59 hid_ok_hz=0 poll_hz=59 hid_push=0 hid_ok=0 malformed=0 hid_unsupported=0 overflow=0 frame_malformed=0 wire_count=0 wire_kind=0 wire_source=0 wire_event=0 wire_mode=0 abs_cal=0 abs_axis=0 apply_ovf=0 deliver_ovf=0 raw_events=0 norm_events=0 dispatch=0 delivered=0 ptr_d=0 kbd_d=0 ptr_deliv=0 kbd_deliv=0 poll_reply=60 idle_yields=0 pointer_live=1 keyboard_live=1
fps: windowd compose_hz=0 present_hz=0 coalesced=0 dropped=0 damage_px=0
fps: fbdevd flush_hz=0 vsync_hz=0 bytes=0 flush_fail=0 stale_scanout=0
fps: hidrawd ingress_hz=0 sent_hz=0 raw_batches=0 wire_batches=0 wire_skip=0 raw_events=0 norm_events=0 kbd_batches=0 mouse_rel=0 tablet_abs=0 touch_abs=0 send_fail=0 rebinds=0 idle_yields=9677
policyd: audit emit ok
policyd: audit emit ok
fps: inputd recv_hz=59 hid_ok_hz=0 poll_hz=59 hid_push=0 hid_ok=0 malformed=0 hid_unsupported=0 overflow=0 frame_malformed=0 wire_count=0 wire_kind=0 wire_source=0 wire_event=0 wire_mode=0 abs_cal=0 abs_axis=0 apply_ovf=0 deliver_ovf=0 raw_events=0 norm_events=0 dispatch=0 delivered=0 ptr_d=0 kbd_d=0 ptr_deliv=0 kbd_deliv=0 poll_reply=60 idle_yields=0 pointer_live=1 keyboard_live=1
fps: windowd compose_hz=0 present_hz=0 coalesced=0 dropped=0 damage_px=0
fps: fbdevd flush_hz=0 vsync_hz=0 bytes=0 flush_fail=0 stale_scanout=0
fps: hidrawd ingress_hz=0 sent_hz=0 raw_batches=0 wire_batches=0 wire_skip=0 raw_events=0 norm_events=0 kbd_batches=0 mouse_rel=0 tablet_abs=0 touch_abs=0 send_fail=0 rebinds=0 idle_yields=9676
fps: inputd recv_hz=59 hid_ok_hz=0 poll_hz=59 hid_push=0 hid_ok=0 malformed=0 hid_unsupported=0 overflow=0 frame_malformed=0 wire_count=0 wire_kind=0 wire_source=0 wire_event=0 wire_mode=0 abs_cal=0 abs_axis=0 apply_ovf=0 deliver_ovf=0 raw_events=0 norm_events=0 dispatch=0 delivered=0 ptr_d=0 kbd_d=0 ptr_deliv=0 kbd_deliv=0 poll_reply=60 idle_yields=0 pointer_live=1 keyboard_live=1
fps: windowd compose_hz=0 present_hz=0 coalesced=0 dropped=0 damage_px=0
fps: fbdevd flush_hz=0 vsync_hz=0 bytes=0 flush_fail=0 stale_scanout=0
fps: hidrawd ingress_hz=13 sent_hz=13 raw_batches=14 wire_batches=14 wire_skip=0 raw_events=34 norm_events=34 kbd_batches=0 mouse_rel=0 tablet_abs=14 touch_abs=0 send_fail=0 rebinds=0 idle_yields=9035
fps: inputd recv_hz=209 hid_ok_hz=152 poll_hz=56 hid_push=153 hid_ok=153 malformed=0 hid_unsupported=0 overflow=0 frame_malformed=0 wire_count=0 wire_kind=0 wire_source=0 wire_event=0 wire_mode=0 abs_cal=0 abs_axis=0 apply_ovf=0 deliver_ovf=0 raw_events=462 norm_events=462 dispatch=153 delivered=153 ptr_d=153 kbd_d=0 ptr_deliv=153 kbd_deliv=0 poll_reply=57 idle_yields=0 pointer_live=1 keyboard_live=1
policyd: audit emit ok
policyd: audit emit ok
fps: windowd compose_hz=35 present_hz=35 coalesced=0 dropped=0 damage_px=4852480
fps: fbdevd flush_hz=35 vsync_hz=35 bytes=19409920 flush_fail=0 stale_scanout=0
fps: hidrawd ingress_hz=222 sent_hz=222 raw_batches=223 wire_batches=223 wire_skip=0 raw_events=678 norm_events=678 kbd_batches=0 mouse_rel=0 tablet_abs=223 touch_abs=0 send_fail=0 rebinds=0 idle_yields=5837
fps: inputd recv_hz=142 hid_ok_hz=82 poll_hz=59 hid_push=84 hid_ok=84 malformed=0 hid_unsupported=0 overflow=0 frame_malformed=0 wire_count=0 wire_kind=0 wire_source=0 wire_event=0 wire_mode=0 abs_cal=0 abs_axis=0 apply_ovf=0 deliver_ovf=0 raw_events=250 norm_events=250 dispatch=84 delivered=84 ptr_d=84 kbd_d=0 ptr_deliv=84 kbd_deliv=0 poll_reply=60 idle_yields=0 pointer_live=1 keyboard_live=1
fps: windowd compose_hz=9 present_hz=9 coalesced=0 dropped=0 damage_px=515840
fps: fbdevd flush_hz=9 vsync_hz=9 bytes=2063360 flush_fail=0 stale_scanout=0
